time="2022-09-22T17:01:06+03:00" level=info msg="start application" func="main.main()" file="app.go:15"
time="2022-09-22T17:01:06+03:00" level=info msg="read application configuration" func="rusprofileGrpcWrap/proto/config.GetConfig.func1()" file="config.go:23"
time="2022-09-22T17:01:06+03:00" level=info msg="start application" func="main.start()" file="app.go:24"
time="2022-09-22T17:01:06+03:00" level=info msg="start http" func="rusprofileGrpcWrap/proto.HttpServer()" file="httpServer.go:21"
time="2022-09-22T17:01:06+03:00" level=info msg="start grpc" func="main.startGrpc()" file="app.go:32"
time="2022-09-22T17:01:06+03:00" level=info msg="http server is listening port localhost:8091" func="rusprofileGrpcWrap/proto.HttpServer()" file="httpServer.go:46"
time="2022-09-22T17:03:07+03:00" level=info msg="start application" func="main.main()" file="app.go:15"
time="2022-09-22T17:03:07+03:00" level=info msg="read application configuration" func="rusprofileGrpcWrap/proto/config.GetConfig.func1()" file="config.go:23"
time="2022-09-22T17:03:07+03:00" level=info msg="start application" func="main.start()" file="app.go:24"
time="2022-09-22T17:03:07+03:00" level=info msg="start http" func="rusprofileGrpcWrap/proto.HttpServer()" file="httpServer.go:22"
time="2022-09-22T17:03:07+03:00" level=info msg="start grpc" func="main.startGrpc()" file="app.go:32"
time="2022-09-22T17:03:07+03:00" level=info msg="http server is listening port localhost:8091" func="rusprofileGrpcWrap/proto.HttpServer()" file="httpServer.go:46"
time="2022-09-22T17:03:07+03:00" level=info msg="grpc is listening port localhost:8091" func="main.startGrpc()" file="app.go:44"
time="2022-09-22T17:06:08+03:00" level=info msg="start application" func="main.main()" file="app.go:15"
time="2022-09-22T17:06:08+03:00" level=info msg="read application configuration" func="rusprofileGrpcWrap/proto/config.GetConfig.func1()" file="config.go:23"
time="2022-09-22T17:06:08+03:00" level=info msg="start application" func="main.start()" file="app.go:24"
time="2022-09-22T17:06:08+03:00" level=info msg="start http" func="rusprofileGrpcWrap/proto.HttpServer()" file="httpServer.go:22"
time="2022-09-22T17:06:08+03:00" level=info msg="start grpc" func="main.startGrpc()" file="app.go:32"
time="2022-09-22T17:06:08+03:00" level=info msg="http server is listening port localhost:8090" func="rusprofileGrpcWrap/proto.HttpServer()" file="httpServer.go:46"
time="2022-09-22T17:06:08+03:00" level=info msg="grpc is listening port localhost:8091" func="main.startGrpc()" file="app.go:44"
time="2022-09-22T17:07:43+03:00" level=info msg="start application" func="main.main()" file="app.go:15"
time="2022-09-22T17:07:43+03:00" level=info msg="read application configuration" func="rusprofileGrpcWrap/proto/config.GetConfig.func1()" file="config.go:23"
time="2022-09-22T17:07:43+03:00" level=info msg="start application" func="main.start()" file="app.go:24"
time="2022-09-22T17:07:43+03:00" level=info msg="start http" func="rusprofileGrpcWrap/proto.HttpServer()" file="httpServer.go:21"
time="2022-09-22T17:07:43+03:00" level=info msg="start grpc" func="main.startGrpc()" file="app.go:32"
time="2022-09-22T17:07:43+03:00" level=info msg="http server is listening port localhost:8090" func="rusprofileGrpcWrap/proto.HttpServer()" file="httpServer.go:45"
time="2022-09-22T17:09:18+03:00" level=info msg="start application" func="main.main()" file="app.go:15"
time="2022-09-22T17:09:18+03:00" level=info msg="read application configuration" func="rusprofileGrpcWrap/proto/config.GetConfig.func1()" file="config.go:23"
time="2022-09-22T17:09:18+03:00" level=info msg="start application" func="main.start()" file="app.go:24"
time="2022-09-22T17:09:18+03:00" level=info msg="start http" func="rusprofileGrpcWrap/proto.HttpServer()" file="httpServer.go:22"
time="2022-09-22T17:09:18+03:00" level=info msg="start grpc" func="main.startGrpc()" file="app.go:32"
time="2022-09-22T17:09:18+03:00" level=info msg="http server is listening port localhost:8090" func="rusprofileGrpcWrap/proto.HttpServer()" file="httpServer.go:46"
time="2022-09-22T17:09:18+03:00" level=info msg="grpc is listening port localhost:8091" func="main.startGrpc()" file="app.go:44"
time="2022-09-22T17:13:08+03:00" level=info msg="start application" func="main.main()" file="app.go:15"
time="2022-09-22T17:13:08+03:00" level=info msg="read application configuration" func="rusprofileGrpcWrap/proto/config.GetConfig.func1()" file="config.go:23"
time="2022-09-22T17:13:08+03:00" level=info msg="start application" func="main.start()" file="app.go:24"
time="2022-09-22T17:13:08+03:00" level=info msg="start http" func="rusprofileGrpcWrap/proto.HttpServer()" file="httpServer.go:22"
time="2022-09-22T17:13:08+03:00" level=info msg="start grpc" func="main.startGrpc()" file="app.go:32"
time="2022-09-22T17:13:08+03:00" level=info msg="http server is listening port localhost:8090" func="rusprofileGrpcWrap/proto.HttpServer()" file="httpServer.go:45"
time="2022-09-22T17:13:08+03:00" level=info msg="grpc is listening port localhost:8091" func="main.startGrpc()" file="app.go:44"
time="2022-09-22T18:18:11+03:00" level=info msg="start application" func="main.main()" file="app.go:11"
time="2022-09-22T18:18:11+03:00" level=info msg="read application configuration" func="rusprofileGrpcWrap/proto/config.GetConfig.func1()" file="config.go:23"
time="2022-09-22T18:18:11+03:00" level=info msg="start http" func="rusprofileGrpcWrap/proto.StartHttp()" file="httpServer.go:22"
time="2022-09-22T18:18:11+03:00" level=info msg="start grpc" func="rusprofileGrpcWrap/proto.StartGrpc()" file="grpcServer.go:26"
time="2022-09-22T18:18:11+03:00" level=info msg="http server is listening port localhost:8090" func="rusprofileGrpcWrap/proto.StartHttp()" file="httpServer.go:45"
time="2022-09-22T18:18:11+03:00" level=info msg="grpc is listening port localhost:8091" func="rusprofileGrpcWrap/proto.StartGrpc()" file="grpcServer.go:38"
time="2022-09-22T18:38:46+03:00" level=info msg="start application" func="main.main()" file="app.go:11"
time="2022-09-22T18:38:46+03:00" level=info msg="read application configuration" func="rusprofileGrpcWrap/proto/config.GetConfig.func1()" file="config.go:23"
time="2022-09-22T18:38:46+03:00" level=info msg="start http" func="rusprofileGrpcWrap/proto.StartHttp()" file="httpServer.go:22"
time="2022-09-22T18:38:46+03:00" level=info msg="start grpc" func="rusprofileGrpcWrap/proto.StartGrpc()" file="grpcServer.go:26"
time="2022-09-22T18:38:46+03:00" level=info msg="http server is listening port localhost:8090" func="rusprofileGrpcWrap/proto.StartHttp()" file="httpServer.go:45"
time="2022-09-22T18:38:46+03:00" level=info msg="grpc is listening port localhost:8091" func="rusprofileGrpcWrap/proto.StartGrpc()" file="grpcServer.go:38"
time="2022-09-22T18:51:27+03:00" level=info msg="start application" func="main.main()" file="app.go:11"
time="2022-09-22T18:51:27+03:00" level=info msg="read application configuration" func="rusprofileGrpcWrap/proto/config.GetConfig.func1()" file="config.go:23"
time="2022-09-22T18:51:27+03:00" level=info msg="start http" func="rusprofileGrpcWrap/proto.StartHttp()" file="httpServer.go:22"
time="2022-09-22T18:51:27+03:00" level=info msg="start grpc" func="rusprofileGrpcWrap/proto.StartGrpc()" file="grpcServer.go:26"
time="2022-09-22T18:51:27+03:00" level=info msg="http server is listening port localhost:8090" func="rusprofileGrpcWrap/proto.StartHttp()" file="httpServer.go:45"
time="2022-09-22T18:51:27+03:00" level=info msg="grpc is listening port localhost:8091" func="rusprofileGrpcWrap/proto.StartGrpc()" file="grpcServer.go:38"
time="2022-09-22T19:43:12+03:00" level=info msg="start application" func="main.main()" file="app.go:11"
time="2022-09-22T19:43:12+03:00" level=info msg="read application configuration" func="rusprofileGrpcWrap/cmd/config.GetConfig.func1()" file="config.go:23"
time="2022-09-22T19:43:12+03:00" level=info msg="start http" func="rusprofileGrpcWrap/proto.StartHttp()" file="httpServer.go:20"
time="2022-09-22T19:43:12+03:00" level=info msg="start grpc" func="rusprofileGrpcWrap/proto.StartGrpc()" file="grpcServer.go:24"
time="2022-09-22T19:43:12+03:00" level=info msg="http server is listening port localhost:8090" func="rusprofileGrpcWrap/proto.StartHttp()" file="httpServer.go:41"
time="2022-09-22T19:43:12+03:00" level=info msg="grpc is listening port localhost:8091" func="rusprofileGrpcWrap/proto.StartGrpc()" file="grpcServer.go:36"
time="2022-09-22T20:02:10+03:00" level=info msg="start application" func="main.main()" file="app.go:11"
time="2022-09-22T20:02:10+03:00" level=info msg="read application configuration" func="rusprofileGrpcWrap/cmd/config.GetConfig.func1()" file="config.go:23"
time="2022-09-22T20:02:10+03:00" level=info msg="start http" func="rusprofileGrpcWrap/proto.StartHttp()" file="httpServer.go:20"
time="2022-09-22T20:02:10+03:00" level=info msg="start grpc" func="rusprofileGrpcWrap/proto.StartGrpc()" file="grpcServer.go:24"
time="2022-09-22T20:02:10+03:00" level=info msg="http server is listening port localhost:8090" func="rusprofileGrpcWrap/proto.StartHttp()" file="httpServer.go:44"
time="2022-09-22T20:02:10+03:00" level=info msg="grpc is listening port localhost:8091" func="rusprofileGrpcWrap/proto.StartGrpc()" file="grpcServer.go:36"
